<?xml version="1.0" encoding="UTF-8"?>
<testng-results ignored="0" total="1" passed="1" failed="0" skipped="0">
  <reporter-output>
    <line>
      <![CDATA[test execution happening in : qa]]>
    </line>
  </reporter-output>
  <suite started-at="2026-04-06T12:41:36 IST" name="Suite" finished-at="2026-04-06T12:41:41 IST" duration-ms="5027">
    <groups>
    </groups>
    <test started-at="2026-04-06T12:41:36 IST" name="Test" finished-at="2026-04-06T12:41:41 IST" duration-ms="5027">
      <class name="com.ninjacrm.tests.TC_001">
        <test-method is-config="true" signature="testEnvironment()[pri:0, instance:com.ninjacrm.tests.TC_001@498d318c]" started-at="2026-04-06T12:41:36 IST" name="testEnvironment" finished-at="2026-04-06T12:41:36 IST" duration-ms="16" status="PASS">
          <reporter-output>
            <line>
              <![CDATA[test execution happening in : qa]]>
            </line>
          </reporter-output>
        </test-method> <!-- testEnvironment -->
        <test-method is-config="true" signature="setup()[pri:0, instance:com.ninjacrm.tests.TC_001@498d318c]" started-at="2026-04-06T12:41:36 IST" name="setup" finished-at="2026-04-06T12:41:39 IST" duration-ms="3908" status="PASS">
          <reporter-output>
          </reporter-output>
        </test-method> <!-- setup -->
        <test-method signature="login()[pri:0, instance:com.ninjacrm.tests.TC_001@498d318c]" started-at="2026-04-06T12:41:39 IST" name="login" finished-at="2026-04-06T12:41:40 IST" duration-ms="798" status="PASS">
          <reporter-output>
          </reporter-output>
        </test-method> <!-- login -->
        <test-method is-config="true" signature="teardown()[pri:0, instance:com.ninjacrm.tests.TC_001@498d318c]" started-at="2026-04-06T12:41:40 IST" name="teardown" finished-at="2026-04-06T12:41:41 IST" duration-ms="261" status="PASS">
          <reporter-output>
          </reporter-output>
        </test-method> <!-- teardown -->
      </class> <!-- com.ninjacrm.tests.TC_001 -->
    </test> <!-- Test -->
  </suite> <!-- Suite -->
</testng-results>
